{"message":"failed to resolve: use of undeclared type `Regex`","code":{"code":"E0433","explanation":"An undeclared crate, module, or type was used.\n\nErroneous code example:\n\n```compile_fail,E0433\nlet map = HashMap::new();\n// error: failed to resolve: use of undeclared type `HashMap`\n```\n\nPlease verify you didn't misspell the type/module's name or that you didn't\nforget to import it:\n\n```\nuse std::collections::HashMap; // HashMap has been imported.\nlet map: HashMap<u32, u32> = HashMap::new(); // So it can be used!\n```\n\nIf you've expected to use a crate name:\n\n```compile_fail\nuse ferris_wheel::BigO;\n// error: failed to resolve: use of undeclared crate or module `ferris_wheel`\n```\n\nMake sure the crate has been added as a dependency in `Cargo.toml`.\n\nTo use a module from your current crate, add the `crate::` prefix to the path.\n"},"level":"error","spans":[{"file_name":"src/utils/clipboard.rs","byte_start":518,"byte_end":523,"line_start":20,"line_end":20,"column_start":18,"column_end":23,"is_primary":true,"text":[{"text":"        let re = Regex::new(r\"(?<!\\w\\.\\w.)(?<![A-Z][a-z]\\.)(?<=\\.|\\?)\\s\").unwrap();","highlight_start":18,"highlight_end":23}],"label":"use of undeclared type `Regex`","suggested_replacement":null,"suggestion_applicability":null,"expansion":null}],"children":[],"rendered":"\u001b[0m\u001b[1m\u001b[38;5;9merror[E0433]\u001b[0m\u001b[0m\u001b[1m: failed to resolve: use of undeclared type `Regex`\u001b[0m\n\u001b[0m  \u001b[0m\u001b[0m\u001b[1m\u001b[38;5;12m--> \u001b[0m\u001b[0msrc/utils/clipboard.rs:20:18\u001b[0m\n\u001b[0m   \u001b[0m\u001b[0m\u001b[1m\u001b[38;5;12m|\u001b[0m\n\u001b[0m\u001b[1m\u001b[38;5;12m20\u001b[0m\u001b[0m \u001b[0m\u001b[0m\u001b[1m\u001b[38;5;12m|\u001b[0m\u001b[0m \u001b[0m\u001b[0m        let re = Regex::new(r\"(?<!\\w\\.\\w.)(?<![A-Z][a-z]\\.)(?<=\\.|\\?)\\s\").unwrap();\u001b[0m\n\u001b[0m   \u001b[0m\u001b[0m\u001b[1m\u001b[38;5;12m| \u001b[0m\u001b[0m                 \u001b[0m\u001b[0m\u001b[1m\u001b[38;5;9m^^^^^\u001b[0m\u001b[0m \u001b[0m\u001b[0m\u001b[1m\u001b[38;5;9muse of undeclared type `Regex`\u001b[0m\n\n"}
{"message":"type annotations needed for `Arc<T, A>`","code":{"code":"E0282","explanation":"The compiler could not infer a type and asked for a type annotation.\n\nErroneous code example:\n\n```compile_fail,E0282\nlet x = Vec::new();\n```\n\nThis error indicates that type inference did not result in one unique possible\ntype, and extra information is required. In most cases this can be provided\nby adding a type annotation. Sometimes you need to specify a generic type\nparameter manually.\n\nIn the example above, type `Vec` has a type parameter `T`. When calling\n`Vec::new`, barring any other later usage of the variable `x` that allows the\ncompiler to infer what type `T` is, the compiler needs to be told what it is.\n\nThe type can be specified on the variable:\n\n```\nlet x: Vec<i32> = Vec::new();\n```\n\nThe type can also be specified in the path of the expression:\n\n```\nlet x = Vec::<i32>::new();\n```\n\nIn cases with more complex types, it is not necessary to annotate the full\ntype. Once the ambiguity is resolved, the compiler can infer the rest:\n\n```\nlet x: Vec<_> = \"hello\".chars().rev().collect();\n```\n\nAnother way to provide the compiler with enough information, is to specify the\ngeneric type parameter:\n\n```\nlet x = \"hello\".chars().rev().collect::<Vec<char>>();\n```\n\nAgain, you need not specify the full type if the compiler can infer it:\n\n```\nlet x = \"hello\".chars().rev().collect::<Vec<_>>();\n```\n\nApart from a method or function with a generic type parameter, this error can\noccur when a type parameter of a struct or trait cannot be inferred. In that\ncase it is not always possible to use a type annotation, because all candidates\nhave the same return type. For instance:\n\n```compile_fail,E0282\nstruct Foo<T> {\n    num: T,\n}\n\nimpl<T> Foo<T> {\n    fn bar() -> i32 {\n        0\n    }\n\n    fn baz() {\n        let number = Foo::bar();\n    }\n}\n```\n\nThis will fail because the compiler does not know which instance of `Foo` to\ncall `bar` on. Change `Foo::bar()` to `Foo::<T>::bar()` to resolve the error.\n"},"level":"error","spans":[{"file_name":"src/utils/clipboard.rs","byte_start":1214,"byte_end":1218,"line_start":34,"line_end":34,"column_start":57,"column_end":61,"is_primary":false,"text":[{"text":"                    let mut sentences = sentences_clone.lock().unwrap();","highlight_start":57,"highlight_end":61}],"label":"type must be known at this point","suggested_replacement":null,"suggestion_applicability":null,"expansion":null},{"file_name":"src/utils/clipboard.rs","byte_start":959,"byte_end":974,"line_start":28,"line_end":28,"column_start":13,"column_end":28,"is_primary":true,"text":[{"text":"        let sentences_clone = Arc::clone(&sentences);","highlight_start":13,"highlight_end":28}],"label":null,"suggested_replacement":null,"suggestion_applicability":null,"expansion":null}],"children":[{"message":"consider giving `sentences_clone` an explicit type, where the type for type parameter `T` is specified","code":null,"level":"help","spans":[{"file_name":"src/utils/clipboard.rs","byte_start":974,"byte_end":974,"line_start":28,"line_end":28,"column_start":28,"column_end":28,"is_primary":true,"text":[{"text":"        let sentences_clone = Arc::clone(&sentences);","highlight_start":28,"highlight_end":28}],"label":null,"suggested_replacement":": Arc<T, A>","suggestion_applicability":"HasPlaceholders","expansion":null}],"children":[],"rendered":null}],"rendered":"\u001b[0m\u001b[1m\u001b[38;5;9merror[E0282]\u001b[0m\u001b[0m\u001b[1m: type annotations needed for `Arc<T, A>`\u001b[0m\n\u001b[0m  \u001b[0m\u001b[0m\u001b[1m\u001b[38;5;12m--> \u001b[0m\u001b[0msrc/utils/clipboard.rs:28:13\u001b[0m\n\u001b[0m   \u001b[0m\u001b[0m\u001b[1m\u001b[38;5;12m|\u001b[0m\n\u001b[0m\u001b[1m\u001b[38;5;12m28\u001b[0m\u001b[0m \u001b[0m\u001b[0m\u001b[1m\u001b[38;5;12m|\u001b[0m\u001b[0m \u001b[0m\u001b[0m        let sentences_clone = Arc::clone(&sentences);\u001b[0m\n\u001b[0m   \u001b[0m\u001b[0m\u001b[1m\u001b[38;5;12m| \u001b[0m\u001b[0m            \u001b[0m\u001b[0m\u001b[1m\u001b[38;5;9m^^^^^^^^^^^^^^^\u001b[0m\n\u001b[0m\u001b[1m\u001b[38;5;12m...\u001b[0m\n\u001b[0m\u001b[1m\u001b[38;5;12m34\u001b[0m\u001b[0m \u001b[0m\u001b[0m\u001b[1m\u001b[38;5;12m|\u001b[0m\u001b[0m \u001b[0m\u001b[0m                    let mut sentences = sentences_clone.lock().unwrap();\u001b[0m\n\u001b[0m   \u001b[0m\u001b[0m\u001b[1m\u001b[38;5;12m| \u001b[0m\u001b[0m                                                        \u001b[0m\u001b[0m\u001b[1m\u001b[38;5;12m----\u001b[0m\u001b[0m \u001b[0m\u001b[0m\u001b[1m\u001b[38;5;12mtype must be known at this point\u001b[0m\n\u001b[0m   \u001b[0m\u001b[0m\u001b[1m\u001b[38;5;12m|\u001b[0m\n\u001b[0m\u001b[1m\u001b[38;5;14mhelp\u001b[0m\u001b[0m: consider giving `sentences_clone` an explicit type, where the type for type parameter `T` is specified\u001b[0m\n\u001b[0m   \u001b[0m\u001b[0m\u001b[1m\u001b[38;5;12m|\u001b[0m\n\u001b[0m\u001b[1m\u001b[38;5;12m28\u001b[0m\u001b[0m \u001b[0m\u001b[0m\u001b[1m\u001b[38;5;12m| \u001b[0m\u001b[0m        let sentences_clone\u001b[0m\u001b[0m\u001b[38;5;10m: Arc<T, A>\u001b[0m\u001b[0m = Arc::clone(&sentences);\u001b[0m\n\u001b[0m   \u001b[0m\u001b[0m\u001b[1m\u001b[38;5;12m|\u001b[0m\u001b[0m                            \u001b[0m\u001b[0m\u001b[38;5;10m+++++++++++\u001b[0m\n\n"}
{"message":"the size for values of type `str` cannot be known at compilation time","code":{"code":"E0277","explanation":"You tried to use a type which doesn't implement some trait in a place which\nexpected that trait.\n\nErroneous code example:\n\n```compile_fail,E0277\n// here we declare the Foo trait with a bar method\ntrait Foo {\n    fn bar(&self);\n}\n\n// we now declare a function which takes an object implementing the Foo trait\nfn some_func<T: Foo>(foo: T) {\n    foo.bar();\n}\n\nfn main() {\n    // we now call the method with the i32 type, which doesn't implement\n    // the Foo trait\n    some_func(5i32); // error: the trait bound `i32 : Foo` is not satisfied\n}\n```\n\nIn order to fix this error, verify that the type you're using does implement\nthe trait. Example:\n\n```\ntrait Foo {\n    fn bar(&self);\n}\n\n// we implement the trait on the i32 type\nimpl Foo for i32 {\n    fn bar(&self) {}\n}\n\nfn some_func<T: Foo>(foo: T) {\n    foo.bar(); // we can now use this method since i32 implements the\n               // Foo trait\n}\n\nfn main() {\n    some_func(5i32); // ok!\n}\n```\n\nOr in a generic context, an erroneous code example would look like:\n\n```compile_fail,E0277\nfn some_func<T>(foo: T) {\n    println!(\"{:?}\", foo); // error: the trait `core::fmt::Debug` is not\n                           //        implemented for the type `T`\n}\n\nfn main() {\n    // We now call the method with the i32 type,\n    // which *does* implement the Debug trait.\n    some_func(5i32);\n}\n```\n\nNote that the error here is in the definition of the generic function. Although\nwe only call it with a parameter that does implement `Debug`, the compiler\nstill rejects the function. It must work with all possible input types. In\norder to make this example compile, we need to restrict the generic type we're\naccepting:\n\n```\nuse std::fmt;\n\n// Restrict the input type to types that implement Debug.\nfn some_func<T: fmt::Debug>(foo: T) {\n    println!(\"{:?}\", foo);\n}\n\nfn main() {\n    // Calling the method is still fine, as i32 implements Debug.\n    some_func(5i32);\n\n    // This would fail to compile now:\n    // struct WithoutDebug;\n    // some_func(WithoutDebug);\n}\n```\n\nRust only looks at the signature of the called function, as such it must\nalready specify all requirements that will be used for every type parameter.\n"},"level":"error","spans":[{"file_name":"src/utils/clipboard.rs","byte_start":1475,"byte_end":1476,"line_start":40,"line_end":40,"column_start":26,"column_end":27,"is_primary":true,"text":[{"text":"                    Some(s) => {","highlight_start":26,"highlight_end":27}],"label":"doesn't have a size known at compile-time","suggested_replacement":null,"suggestion_applicability":null,"expansion":null}],"children":[{"message":"the trait `Sized` is not implemented for `str`","code":null,"level":"help","spans":[],"children":[],"rendered":null},{"message":"all local variables must have a statically known size","code":null,"level":"note","spans":[],"children":[],"rendered":null},{"message":"unsized locals are gated as an unstable feature","code":null,"level":"help","spans":[],"children":[],"rendered":null}],"rendered":"\u001b[0m\u001b[1m\u001b[38;5;9merror[E0277]\u001b[0m\u001b[0m\u001b[1m: the size for values of type `str` cannot be known at compilation time\u001b[0m\n\u001b[0m  \u001b[0m\u001b[0m\u001b[1m\u001b[38;5;12m--> \u001b[0m\u001b[0msrc/utils/clipboard.rs:40:26\u001b[0m\n\u001b[0m   \u001b[0m\u001b[0m\u001b[1m\u001b[38;5;12m|\u001b[0m\n\u001b[0m\u001b[1m\u001b[38;5;12m40\u001b[0m\u001b[0m \u001b[0m\u001b[0m\u001b[1m\u001b[38;5;12m|\u001b[0m\u001b[0m \u001b[0m\u001b[0m                    Some(s) => {\u001b[0m\n\u001b[0m   \u001b[0m\u001b[0m\u001b[1m\u001b[38;5;12m| \u001b[0m\u001b[0m                         \u001b[0m\u001b[0m\u001b[1m\u001b[38;5;9m^\u001b[0m\u001b[0m \u001b[0m\u001b[0m\u001b[1m\u001b[38;5;9mdoesn't have a size known at compile-time\u001b[0m\n\u001b[0m   \u001b[0m\u001b[0m\u001b[1m\u001b[38;5;12m|\u001b[0m\n\u001b[0m   \u001b[0m\u001b[0m\u001b[1m\u001b[38;5;12m= \u001b[0m\u001b[0m\u001b[1mhelp\u001b[0m\u001b[0m: the trait `Sized` is not implemented for `str`\u001b[0m\n\u001b[0m   \u001b[0m\u001b[0m\u001b[1m\u001b[38;5;12m= \u001b[0m\u001b[0m\u001b[1mnote\u001b[0m\u001b[0m: all local variables must have a statically known size\u001b[0m\n\u001b[0m   \u001b[0m\u001b[0m\u001b[1m\u001b[38;5;12m= \u001b[0m\u001b[0m\u001b[1mhelp\u001b[0m\u001b[0m: unsized locals are gated as an unstable feature\u001b[0m\n\n"}
{"message":"the size for values of type `str` cannot be known at compilation time","code":{"code":"E0277","explanation":"You tried to use a type which doesn't implement some trait in a place which\nexpected that trait.\n\nErroneous code example:\n\n```compile_fail,E0277\n// here we declare the Foo trait with a bar method\ntrait Foo {\n    fn bar(&self);\n}\n\n// we now declare a function which takes an object implementing the Foo trait\nfn some_func<T: Foo>(foo: T) {\n    foo.bar();\n}\n\nfn main() {\n    // we now call the method with the i32 type, which doesn't implement\n    // the Foo trait\n    some_func(5i32); // error: the trait bound `i32 : Foo` is not satisfied\n}\n```\n\nIn order to fix this error, verify that the type you're using does implement\nthe trait. Example:\n\n```\ntrait Foo {\n    fn bar(&self);\n}\n\n// we implement the trait on the i32 type\nimpl Foo for i32 {\n    fn bar(&self) {}\n}\n\nfn some_func<T: Foo>(foo: T) {\n    foo.bar(); // we can now use this method since i32 implements the\n               // Foo trait\n}\n\nfn main() {\n    some_func(5i32); // ok!\n}\n```\n\nOr in a generic context, an erroneous code example would look like:\n\n```compile_fail,E0277\nfn some_func<T>(foo: T) {\n    println!(\"{:?}\", foo); // error: the trait `core::fmt::Debug` is not\n                           //        implemented for the type `T`\n}\n\nfn main() {\n    // We now call the method with the i32 type,\n    // which *does* implement the Debug trait.\n    some_func(5i32);\n}\n```\n\nNote that the error here is in the definition of the generic function. Although\nwe only call it with a parameter that does implement `Debug`, the compiler\nstill rejects the function. It must work with all possible input types. In\norder to make this example compile, we need to restrict the generic type we're\naccepting:\n\n```\nuse std::fmt;\n\n// Restrict the input type to types that implement Debug.\nfn some_func<T: fmt::Debug>(foo: T) {\n    println!(\"{:?}\", foo);\n}\n\nfn main() {\n    // Calling the method is still fine, as i32 implements Debug.\n    some_func(5i32);\n\n    // This would fail to compile now:\n    // struct WithoutDebug;\n    // some_func(WithoutDebug);\n}\n```\n\nRust only looks at the signature of the called function, as such it must\nalready specify all requirements that will be used for every type parameter.\n"},"level":"error","spans":[{"file_name":"src/utils/clipboard.rs","byte_start":1470,"byte_end":1477,"line_start":40,"line_end":40,"column_start":21,"column_end":28,"is_primary":true,"text":[{"text":"                    Some(s) => {","highlight_start":21,"highlight_end":28}],"label":"doesn't have a size known at compile-time","suggested_replacement":null,"suggestion_applicability":null,"expansion":null}],"children":[{"message":"the trait `Sized` is not implemented for `str`","code":null,"level":"help","spans":[],"children":[],"rendered":null},{"message":"required by a bound in `Some`","code":null,"level":"note","spans":[{"file_name":"/home/lucian/.rustup/toolchains/stable-x86_64-unknown-linux-gnu/lib/rustlib/src/rust/library/core/src/option.rs","byte_start":22352,"byte_end":22356,"line_start":577,"line_end":577,"column_start":5,"column_end":9,"is_primary":false,"text":[{"text":"    Some(#[stable(feature = \"rust1\", since = \"1.0.0\")] T),","highlight_start":5,"highlight_end":9}],"label":"required by a bound in this tuple variant","suggested_replacement":null,"suggestion_applicability":null,"expansion":null},{"file_name":"/home/lucian/.rustup/toolchains/stable-x86_64-unknown-linux-gnu/lib/rustlib/src/rust/library/core/src/option.rs","byte_start":22141,"byte_end":22142,"line_start":569,"line_end":569,"column_start":17,"column_end":18,"is_primary":true,"text":[{"text":"pub enum Option<T> {","highlight_start":17,"highlight_end":18}],"label":"required by this bound in `Some`","suggested_replacement":null,"suggestion_applicability":null,"expansion":null}],"children":[],"rendered":null}],"rendered":"\u001b[0m\u001b[1m\u001b[38;5;9merror[E0277]\u001b[0m\u001b[0m\u001b[1m: the size for values of type `str` cannot be known at compilation time\u001b[0m\n\u001b[0m   \u001b[0m\u001b[0m\u001b[1m\u001b[38;5;12m--> \u001b[0m\u001b[0msrc/utils/clipboard.rs:40:21\u001b[0m\n\u001b[0m    \u001b[0m\u001b[0m\u001b[1m\u001b[38;5;12m|\u001b[0m\n\u001b[0m\u001b[1m\u001b[38;5;12m40\u001b[0m\u001b[0m  \u001b[0m\u001b[0m\u001b[1m\u001b[38;5;12m|\u001b[0m\u001b[0m \u001b[0m\u001b[0m                    Some(s) => {\u001b[0m\n\u001b[0m    \u001b[0m\u001b[0m\u001b[1m\u001b[38;5;12m| \u001b[0m\u001b[0m                    \u001b[0m\u001b[0m\u001b[1m\u001b[38;5;9m^^^^^^^\u001b[0m\u001b[0m \u001b[0m\u001b[0m\u001b[1m\u001b[38;5;9mdoesn't have a size known at compile-time\u001b[0m\n\u001b[0m    \u001b[0m\u001b[0m\u001b[1m\u001b[38;5;12m|\u001b[0m\n\u001b[0m    \u001b[0m\u001b[0m\u001b[1m\u001b[38;5;12m= \u001b[0m\u001b[0m\u001b[1mhelp\u001b[0m\u001b[0m: the trait `Sized` is not implemented for `str`\u001b[0m\n\u001b[0m\u001b[1m\u001b[38;5;10mnote\u001b[0m\u001b[0m: required by a bound in `Some`\u001b[0m\n\u001b[0m   \u001b[0m\u001b[0m\u001b[1m\u001b[38;5;12m--> \u001b[0m\u001b[0m/home/lucian/.rustup/toolchains/stable-x86_64-unknown-linux-gnu/lib/rustlib/src/rust/library/core/src/option.rs:569:17\u001b[0m\n\u001b[0m    \u001b[0m\u001b[0m\u001b[1m\u001b[38;5;12m|\u001b[0m\n\u001b[0m\u001b[1m\u001b[38;5;12m569\u001b[0m\u001b[0m \u001b[0m\u001b[0m\u001b[1m\u001b[38;5;12m|\u001b[0m\u001b[0m \u001b[0m\u001b[0mpub enum Option<T> {\u001b[0m\n\u001b[0m    \u001b[0m\u001b[0m\u001b[1m\u001b[38;5;12m| \u001b[0m\u001b[0m                \u001b[0m\u001b[0m\u001b[1m\u001b[38;5;10m^\u001b[0m\u001b[0m \u001b[0m\u001b[0m\u001b[1m\u001b[38;5;10mrequired by this bound in `Some`\u001b[0m\n\u001b[0m\u001b[1m\u001b[38;5;12m...\u001b[0m\n\u001b[0m\u001b[1m\u001b[38;5;12m577\u001b[0m\u001b[0m \u001b[0m\u001b[0m\u001b[1m\u001b[38;5;12m|\u001b[0m\u001b[0m \u001b[0m\u001b[0m    Some(#[stable(feature = \"rust1\", since = \"1.0.0\")] T),\u001b[0m\n\u001b[0m    \u001b[0m\u001b[0m\u001b[1m\u001b[38;5;12m| \u001b[0m\u001b[0m    \u001b[0m\u001b[0m\u001b[1m\u001b[38;5;12m----\u001b[0m\u001b[0m \u001b[0m\u001b[0m\u001b[1m\u001b[38;5;12mrequired by a bound in this tuple variant\u001b[0m\n\n"}
{"message":"aborting due to 4 previous errors","code":null,"level":"error","spans":[],"children":[],"rendered":"\u001b[0m\u001b[1m\u001b[38;5;9merror\u001b[0m\u001b[0m\u001b[1m: aborting due to 4 previous errors\u001b[0m\n\n"}
{"message":"Some errors have detailed explanations: E0277, E0282, E0433.","code":null,"level":"failure-note","spans":[],"children":[],"rendered":"\u001b[0m\u001b[1mSome errors have detailed explanations: E0277, E0282, E0433.\u001b[0m\n"}
{"message":"For more information about an error, try `rustc --explain E0277`.","code":null,"level":"failure-note","spans":[],"children":[],"rendered":"\u001b[0m\u001b[1mFor more information about an error, try `rustc --explain E0277`.\u001b[0m\n"}
